Arguments: 
  C:\Program Files\nodejs\node.exe C:\Users\Administrator\AppData\Roaming\npm\node_modules\yarn\bin\yarn.js add @tarojs/plugin-sass --silent --no-progress -D

PATH: 
  C:\Users\Administrator\AppData\Roaming\npm\node_modules\npm\node_modules\npm-lifecycle\node-gyp-bin;D:\caiyi\workspace\liaodao-minapp\taro-minapp\node_modules\.bin;C:\Users\Administrator\AppData\Roaming\npm\node_modules\npm\node_modules\npm-lifecycle\node-gyp-bin;D:\caiyi\workspace\liaodao-minapp\taro-minapp\node_modules\.bin;C:\WINDOWS\system32;C:\WINDOWS;C:\WINDOWS\System32\Wbem;C:\WINDOWS\System32\WindowsPowerShell\v1.0\;C:\Program Files\Git\cmd;C:\WINDOWS\System32\OpenSSH\;C:\Users\Administrator\AppData\Roaming\nvm;C:\Program Files\nodejs;C:\Program Files\nodejs\;C:\Users\Administrator\AppData\Local\Microsoft\WindowsApps;C:\Users\Administrator\AppData\Local\Programs\Microsoft VS Code\bin;C:\Users\Administrator\AppData\Roaming\nvm;C:\Program Files\nodejs;C:\Users\Administrator\AppData\Roaming\npm

Yarn version: 
  1.12.3

Node version: 
  8.11.3

Platform: 
  win32 x64

Trace: 
  Error: ENOENT: no such file or directory, copyfile 'C:\Users\Administrator\AppData\Local\Yarn\Cache\v4\npm-ms-2.1.1-30a5864eb3ebb0a66f2ebe6d727af06a09d86e0a\node_modules\ms\readme.md' -> 'D:\caiyi\workspace\liaodao-minapp\taro-minapp\node_modules\@babel\traverse\node_modules\ms\readme.md'

npm manifest: 
  {
    "name": "taro-minapp",
    "version": "1.0.0",
    "private": true,
    "description": "This is minapp by taro",
    "scripts": {
      "build:weapp": "taro build --type weapp",
      "build:swan": "taro build --type swan",
      "build:alipay": "taro build --type alipay",
      "build:tt": "taro build --type tt",
      "build:h5": "taro build --type h5",
      "build:rn": "taro build --type rn",
      "dev:weapp": "npm run build:weapp -- --watch",
      "dev:swan": "npm run build:swan -- --watch",
      "dev:alipay": "npm run build:alipay -- --watch",
      "dev:tt": "npm run build:tt -- --watch",
      "dev:h5": "npm run build:h5 -- --watch",
      "dev:rn": "npm run build:rn -- --watch"
    },
    "author": "",
    "license": "MIT",
    "dependencies": {
      "@tarojs/async-await": "1.2.14",
      "@tarojs/components": "1.2.14",
      "@tarojs/redux": "1.2.14",
      "@tarojs/redux-h5": "1.2.14",
      "@tarojs/router": "1.2.14",
      "@tarojs/taro": "1.2.14",
      "@tarojs/taro-alipay": "1.2.14",
      "@tarojs/taro-h5": "1.2.14",
      "@tarojs/taro-swan": "1.2.14",
      "@tarojs/taro-tt": "1.2.14",
      "@tarojs/taro-weapp": "1.2.14",
      "babel-plugin-transform-runtime": "^6.23.0",
      "dva-core": "^1.4.0",
      "dva-loading": "^2.0.6",
      "dva-model-extend": "^0.1.2",
      "nerv-devtools": "^1.3.9",
      "nervjs": "^1.3.9",
      "redux": "^4.0.0",
      "redux-logger": "^3.0.6",
      "redux-thunk": "^2.3.0"
    },
    "devDependencies": {
      "@tarojs/plugin-babel": "1.2.13",
      "@tarojs/plugin-csso": "1.2.13",
      "@tarojs/plugin-less": "1.2.14",
      "@tarojs/plugin-uglifyjs": "1.2.13",
      "@tarojs/webpack-runner": "1.2.13",
      "@types/react": "^16.4.8",
      "@types/webpack-env": "^1.13.6",
      "babel-eslint": "^8.2.3",
      "babel-plugin-transform-class-properties": "^6.24.1",
      "babel-plugin-transform-decorators-legacy": "^1.3.4",
      "babel-plugin-transform-jsx-stylesheet": "^0.6.5",
      "babel-plugin-transform-object-rest-spread": "^6.26.0",
      "babel-preset-env": "^1.6.1",
      "eslint": "^4.19.1",
      "eslint-config-taro": "1.2.13",
      "eslint-plugin-import": "^2.12.0",
      "eslint-plugin-react": "^7.8.2",
      "eslint-plugin-taro": "1.2.13",
      "shuffle-array": "^1.0.1",
      "typescript": "^3.0.1",
      "webpack-cli": "^3.1.2"
    }
  }

yarn manifest: 
  No manifest

Lockfile: 
  No lockfile
